Determining if the pthread_create exist failed with the following output:
Change Dir: /home/why/doyle_why/language/python_work/c_python_test1/build/CMakeFiles/CMakeTmp

Run Build Command:"/usr/bin/make" "cmTC_de413/fast"
/usr/bin/make -f CMakeFiles/cmTC_de413.dir/build.make CMakeFiles/cmTC_de413.dir/build
make[1]: Entering directory '/home/why/doyle_why/language/python_work/c_python_test1/build/CMakeFiles/CMakeTmp'
Building C object CMakeFiles/cmTC_de413.dir/CheckSymbolExists.c.o
/usr/bin/cc     -o CMakeFiles/cmTC_de413.dir/CheckSymbolExists.c.o   -c /home/why/doyle_why/language/python_work/c_python_test1/build/CMakeFiles/CMakeTmp/CheckSymbolExists.c
Linking C executable cmTC_de413
/usr/bin/cmake -E cmake_link_script CMakeFiles/cmTC_de413.dir/link.txt --verbose=1
/usr/bin/cc       CMakeFiles/cmTC_de413.dir/CheckSymbolExists.c.o  -o cmTC_de413 -rdynamic 
CMakeFiles/cmTC_de413.dir/CheckSymbolExists.c.o: In function `main':
CheckSymbolExists.c:(.text+0x16): undefined reference to `pthread_create'
collect2: error: ld returned 1 exit status
CMakeFiles/cmTC_de413.dir/build.make:97: recipe for target 'cmTC_de413' failed
make[1]: *** [cmTC_de413] Error 1
make[1]: Leaving directory '/home/why/doyle_why/language/python_work/c_python_test1/build/CMakeFiles/CMakeTmp'
Makefile:126: recipe for target 'cmTC_de413/fast' failed
make: *** [cmTC_de413/fast] Error 2

File /home/why/doyle_why/language/python_work/c_python_test1/build/CMakeFiles/CMakeTmp/CheckSymbolExists.c:
/* */
#include <pthread.h>

int main(int argc, char** argv)
{
  (void)argv;
#ifndef pthread_create
  return ((int*)(&pthread_create))[argc];
#else
  (void)argc;
  return 0;
#endif
}

Determining if the function pthread_create exists in the pthreads failed with the following output:
Change Dir: /home/why/doyle_why/language/python_work/c_python_test1/build/CMakeFiles/CMakeTmp

Run Build Command:"/usr/bin/make" "cmTC_167b2/fast"
/usr/bin/make -f CMakeFiles/cmTC_167b2.dir/build.make CMakeFiles/cmTC_167b2.dir/build
make[1]: Entering directory '/home/why/doyle_why/language/python_work/c_python_test1/build/CMakeFiles/CMakeTmp'
Building C object CMakeFiles/cmTC_167b2.dir/CheckFunctionExists.c.o
/usr/bin/cc    -DCHECK_FUNCTION_EXISTS=pthread_create   -o CMakeFiles/cmTC_167b2.dir/CheckFunctionExists.c.o   -c /usr/share/cmake-3.5/Modules/CheckFunctionExists.c
Linking C executable cmTC_167b2
/usr/bin/cmake -E cmake_link_script CMakeFiles/cmTC_167b2.dir/link.txt --verbose=1
/usr/bin/cc   -DCHECK_FUNCTION_EXISTS=pthread_create    CMakeFiles/cmTC_167b2.dir/CheckFunctionExists.c.o  -o cmTC_167b2 -rdynamic -lpthreads 
/usr/bin/ld: cannot find -lpthreads
collect2: error: ld returned 1 exit status
CMakeFiles/cmTC_167b2.dir/build.make:97: recipe for target 'cmTC_167b2' failed
make[1]: *** [cmTC_167b2] Error 1
make[1]: Leaving directory '/home/why/doyle_why/language/python_work/c_python_test1/build/CMakeFiles/CMakeTmp'
Makefile:126: recipe for target 'cmTC_167b2/fast' failed
make: *** [cmTC_167b2/fast] Error 2


